Questionable use of curly braces in "xu1 hour_reset n002 q1 q2 q3 q4 q5 q6 q7 q8 q9 q10 q11 q12 vcc 0 cd4040b vdd=5 speed=1 tripdt=5n vdd1={vdd} speed1={speed} tripdt1={tripdt}"
    Error: undefined symbol in: "[vdd]"
Questionable use of curly braces in "xu1 hour_reset n002 q1 q2 q3 q4 q5 q6 q7 q8 q9 q10 q11 q12 vcc 0 cd4040b vdd=5 speed=1 tripdt=5n vdd1=(vdd) speed1={speed} tripdt1={tripdt}"
    Error: undefined symbol in: "[speed]"
Questionable use of curly braces in "xu1 hour_reset n002 q1 q2 q3 q4 q5 q6 q7 q8 q9 q10 q11 q12 vcc 0 cd4040b vdd=5 speed=1 tripdt=5n vdd1=(vdd) speed1=(speed) tripdt1={tripdt}"
    Error: undefined symbol in: "[tripdt]"
Questionable use of curly braces in "xu8 n015 hour_reset c0 c1 c2 c3 vcc 0 74hc393 vcc=5 speed=1 tripdt=5n vcc1={vcc} speed1={speed} tripdt1a={tripdt}"
    Error: undefined symbol in: "[vcc]"
Questionable use of curly braces in "xu8 n015 hour_reset c0 c1 c2 c3 vcc 0 74hc393 vcc=5 speed=1 tripdt=5n vcc1=(vcc) speed1={speed} tripdt1a={tripdt}"
    Error: undefined symbol in: "[speed]"
Questionable use of curly braces in "xu8 n015 hour_reset c0 c1 c2 c3 vcc 0 74hc393 vcc=5 speed=1 tripdt=5n vcc1=(vcc) speed1=(speed) tripdt1a={tripdt}"
    Error: undefined symbol in: "[tripdt]"
Questionable use of curly braces in "xu3 n003 p003 n006 n008 n011 n013 n014 n004 nc_01 nc_02 nc_03 nc_04 vcc 0 74hc164 vcc=5 speed=1 tripdt=5n vcc1={vcc} speed1={speed} tripdt1={tripdt}"
    Error: undefined symbol in: "[vcc]"
Questionable use of curly braces in "xu3 n003 p003 n006 n008 n011 n013 n014 n004 nc_01 nc_02 nc_03 nc_04 vcc 0 74hc164 vcc=5 speed=1 tripdt=5n vcc1=(vcc) speed1={speed} tripdt1={tripdt}"
    Error: undefined symbol in: "[speed]"
Questionable use of curly braces in "xu3 n003 p003 n006 n008 n011 n013 n014 n004 nc_01 nc_02 nc_03 nc_04 vcc 0 74hc164 vcc=5 speed=1 tripdt=5n vcc1=(vcc) speed1=(speed) tripdt1={tripdt}"
    Error: undefined symbol in: "[tripdt]"
Questionable use of curly braces in "xu4 n005 n009 n012 load n007 n010 vcc 0 74hc393 vcc=5 speed=1 tripdt=5n vcc1={vcc} speed1={speed} tripdt1a={tripdt}"
    Error: undefined symbol in: "[vcc]"
Questionable use of curly braces in "xu4 n005 n009 n012 load n007 n010 vcc 0 74hc393 vcc=5 speed=1 tripdt=5n vcc1=(vcc) speed1={speed} tripdt1a={tripdt}"
    Error: undefined symbol in: "[speed]"
Questionable use of curly braces in "xu4 n005 n009 n012 load n007 n010 vcc 0 74hc393 vcc=5 speed=1 tripdt=5n vcc1=(vcc) speed1=(speed) tripdt1a={tripdt}"
    Error: undefined symbol in: "[tripdt]"
Questionable use of curly braces in "xu9 p005 p006 p007 p008 hour_clock vcc 0 74hc21 vcc=5 speed=1 tripdt=5n vcc1={vcc} speed1={speed} tripdt1={tripdt}"
    Error: undefined symbol in: "[vcc]"
Questionable use of curly braces in "xu9 p005 p006 p007 p008 hour_clock vcc 0 74hc21 vcc=5 speed=1 tripdt=5n vcc1=(vcc) speed1={speed} tripdt1={tripdt}"
    Error: undefined symbol in: "[speed]"
Questionable use of curly braces in "xu9 p005 p006 p007 p008 hour_clock vcc 0 74hc21 vcc=5 speed=1 tripdt=5n vcc1=(vcc) speed1=(speed) tripdt1={tripdt}"
    Error: undefined symbol in: "[tripdt]"
Questionable use of curly braces in "xu10 p009 p010 p011 p012 r vcc 0 74hc21 vcc=5 speed=1 tripdt=5n vcc1={vcc} speed1={speed} tripdt1={tripdt}"
    Error: undefined symbol in: "[vcc]"
Questionable use of curly braces in "xu10 p009 p010 p011 p012 r vcc 0 74hc21 vcc=5 speed=1 tripdt=5n vcc1=(vcc) speed1={speed} tripdt1={tripdt}"
    Error: undefined symbol in: "[speed]"
Questionable use of curly braces in "xu10 p009 p010 p011 p012 r vcc 0 74hc21 vcc=5 speed=1 tripdt=5n vcc1=(vcc) speed1=(speed) tripdt1={tripdt}"
    Error: undefined symbol in: "[tripdt]"
LTspice 24.0.12 for Windows
Circuit: * C:\Users\Parmeet Singh Ghai\Documents\GitHub\AutomatedLockSystem\LTSpice\Draft1.asc
Start Time: Wed May 28 13:03:25 2025
Warning: Multiple definitions of model "dio2" Type: Diode
Warning: Multiple definitions of model "sw_hc2" Type: Switch
Warning: Multiple definitions of model "sw_hc1" Type: Switch
Warning: Multiple definitions of model "mhcpen" Type: Mos3
Warning: Multiple definitions of model "mhcnen" Type: Mos3
Warning: Multiple definitions of model "dio2" Type: Diode
Warning: Multiple definitions of model "sw_hc2" Type: Switch
Warning: Multiple definitions of model "sw_hc1" Type: Switch
Warning: Multiple definitions of model "dio1" Type: Diode
Warning: Multiple definitions of model "dio2" Type: Diode
Warning: Multiple definitions of model "sw_hc2" Type: Switch
Warning: Multiple definitions of model "sw_hc1" Type: Switch
Warning: Multiple definitions of model "cd40dio1" Type: Diode
Warning: Multiple definitions of model "u7:pn" Type: BJT
Warning: Multiple definitions of model "u7:np" Type: BJT
Warning: Multiple definitions of model "u7:2scr375p" Type: BJT
Warning: Multiple definitions of model "u7:bc857b" Type: BJT
Warning: Multiple definitions of model "u7:bc847c" Type: BJT
Warning: Multiple definitions of model "u7:bc847b" Type: BJT
solver = Normal
Maximum thread count: 12
tnom = 27
temp = 27
method = Gear
gmin = 1e-09
abstol = 1e-09
reltol = 0.01
chgtol = 1e-12
c1: Increased Cpar to 1e-13
c2: Increased Cpar to 1e-13
c9: Increased Cpar to 1e-13
c12: Increased Cpar to 1e-13
c13: Increased Cpar to 1e-13
c15: Increased Cpar to 1e-13
c5: Increased Cpar to 1e-11
c6: Increased Cpar to 1e-13
c8: Increased Cpar to 1e-13
c11: Increased Cpar to 1e-10
c10: Increased Cpar to 5e-11
c16: Increased Cpar to 1e-13
c18: Increased Cpar to 1e-13
WARNING: Less than two connections to node u1:mrn.  This node is used by a:u1:r.
WARNING: Less than two connections to node nc_01.  This node is used by r:u3:out5:out.
WARNING: Less than two connections to node nc_02.  This node is used by r:u3:out6:out.
WARNING: Less than two connections to node nc_03.  This node is used by r:u3:out7:out.
WARNING: Less than two connections to node nc_04.  This node is used by r:u3:out8:out.
WARNING: Less than two connections to node n012.  This node is used by r:u4:out1:out.
WARNING: Less than two connections to node n007.  This node is used by r:u4:out3:out.
WARNING: Less than two connections to node n010.  This node is used by r:u4:out4:out.
Per .tran options, skipping operating point for transient analysis.
Ignoring empty pin current: Ix(u1:vdd)
Ignoring empty pin current: Ix(u8:vcc)
Ignoring empty pin current: Ix(u3:vcc)
Ignoring empty pin current: Ix(u4:vcc)
Ignoring empty pin current: Ix(u9:vcc)
Ignoring empty pin current: Ix(u10:vcc)
Heightened Def Con from 150.003 to 150.003
Total elapsed time: 28.983 seconds.

