Questionable use of curly braces in "xu1 hourclock n004 q1 q2 q3 q4 q5 q6 q7 q8 q9 q10 q11 q12 vcc 0 cd4040b vdd=5 speed=1 tripdt=5n vdd1={vdd} speed1={speed} tripdt1={tripdt}"
    Error: undefined symbol in: "[vdd]"
Questionable use of curly braces in "xu1 hourclock n004 q1 q2 q3 q4 q5 q6 q7 q8 q9 q10 q11 q12 vcc 0 cd4040b vdd=5 speed=1 tripdt=5n vdd1=(vdd) speed1={speed} tripdt1={tripdt}"
    Error: undefined symbol in: "[speed]"
Questionable use of curly braces in "xu1 hourclock n004 q1 q2 q3 q4 q5 q6 q7 q8 q9 q10 q11 q12 vcc 0 cd4040b vdd=5 speed=1 tripdt=5n vdd1=(vdd) speed1=(speed) tripdt1={tripdt}"
    Error: undefined symbol in: "[tripdt]"
Questionable use of curly braces in "xu7 n016 hourclock c0 c1 c2 c3 c4 nc_08 nc_09 nc_10 nc_11 nc_12 nc_13 nc_14 vcc 0 cd4040b vdd=5 speed=1 tripdt=5n vdd1={vdd} speed1={speed} tripdt1={tripdt}"
    Error: undefined symbol in: "[vdd]"
Questionable use of curly braces in "xu7 n016 hourclock c0 c1 c2 c3 c4 nc_08 nc_09 nc_10 nc_11 nc_12 nc_13 nc_14 vcc 0 cd4040b vdd=5 speed=1 tripdt=5n vdd1=(vdd) speed1={speed} tripdt1={tripdt}"
    Error: undefined symbol in: "[speed]"
Questionable use of curly braces in "xu7 n016 hourclock c0 c1 c2 c3 c4 nc_08 nc_09 nc_10 nc_11 nc_12 nc_13 nc_14 vcc 0 cd4040b vdd=5 speed=1 tripdt=5n vdd1=(vdd) speed1=(speed) tripdt1={tripdt}"
    Error: undefined symbol in: "[tripdt]"
Questionable use of curly braces in "xu3 n005 n010 f_reset p002 n007 n009 n011 vcc 0 cd4015b vdd=5 speed=1 tripdt=5n vdd1={vdd} speed1={speed} tripdt1={tripdt}"
    Error: undefined symbol in: "[vdd]"
Questionable use of curly braces in "xu3 n005 n010 f_reset p002 n007 n009 n011 vcc 0 cd4015b vdd=5 speed=1 tripdt=5n vdd1=(vdd) speed1={speed} tripdt1={tripdt}"
    Error: undefined symbol in: "[speed]"
Questionable use of curly braces in "xu3 n005 n010 f_reset p002 n007 n009 n011 vcc 0 cd4015b vdd=5 speed=1 tripdt=5n vdd1=(vdd) speed1=(speed) tripdt1={tripdt}"
    Error: undefined symbol in: "[tripdt]"
Questionable use of curly braces in "xu4 n005 n021 r_reset n023 n017 n020 n022 vcc 0 cd4015b vdd=5 speed=1 tripdt=5n vdd1={vdd} speed1={speed} tripdt1={tripdt}"
    Error: undefined symbol in: "[vdd]"
Questionable use of curly braces in "xu4 n005 n021 r_reset n023 n017 n020 n022 vcc 0 cd4015b vdd=5 speed=1 tripdt=5n vdd1=(vdd) speed1={speed} tripdt1={tripdt}"
    Error: undefined symbol in: "[speed]"
Questionable use of curly braces in "xu4 n005 n021 r_reset n023 n017 n020 n022 vcc 0 cd4015b vdd=5 speed=1 tripdt=5n vdd1=(vdd) speed1=(speed) tripdt1={tripdt}"
    Error: undefined symbol in: "[tripdt]"
LTspice 24.0.12 for Windows
Circuit: * C:\Users\Parmeet Singh Ghai\Documents\GitHub\AutomatedLockSystem\LTSpice\Draft4_CD4060_LM393.asc
Start Time: Sat May 31 11:54:32 2025
Warning: Multiple definitions of model "dio2" Type: Diode
Warning: Multiple definitions of model "sw_hc2" Type: Switch
Warning: Multiple definitions of model "sw_hc1" Type: Switch
Warning: Multiple definitions of model "dio2" Type: Diode
Warning: Multiple definitions of model "sw_hc2" Type: Switch
Warning: Multiple definitions of model "sw_hc1" Type: Switch
Warning: Multiple definitions of model "cd40dio1" Type: Diode
solver = Normal
Maximum thread count: 12
tnom = 27
temp = 27
method = Gear
gmin = 1e-09
abstol = 1e-09
reltol = 0.01
chgtol = 1e-12
c1: Increased Cpar to 1e-13
c2: Increased Cpar to 1e-13
c5: Increased Cpar to 1e-13
c10: Increased Cpar to 1e-13
c6: Increased Cpar to 1e-13
c8: Increased Cpar to 1e-13
delay_capacitor2: Increased Cpar to 6.8e-10
WARNING: Node DELAY_PULSE is floating.

WARNING: Less than two connections to node u1:mrn.  This node is used by a:u1:r.
WARNING: Less than two connections to node u7:mrn.  This node is used by a:u7:r.
WARNING: Less than two connections to node nc_08.  This node is used by r:u7:out6:out.
WARNING: Less than two connections to node nc_09.  This node is used by r:u7:out7:out.
WARNING: Less than two connections to node nc_10.  This node is used by r:u7:out8:out.
WARNING: Less than two connections to node nc_11.  This node is used by r:u7:out9:out.
WARNING: Less than two connections to node nc_12.  This node is used by r:u7:out10:out.
WARNING: Less than two connections to node nc_13.  This node is used by r:u7:out11:out.
WARNING: Less than two connections to node nc_14.  This node is used by r:u7:out12:out.
WARNING: Less than two connections to node r.  This node is used by a1.
WARNING: Less than two connections to node f_photo.  This node is used by a2.
WARNING: Less than two connections to node r_photo.  This node is used by a3.
WARNING: Less than two connections to node n026.  This node is used by v4.
WARNING: Less than two connections to node delay_pulse.  This node is used by s1.
Per .tran options, skipping operating point for transient analysis.
Ignoring empty pin current: Ix(u1:vdd)
Ignoring empty pin current: Ix(u7:vdd)
Ignoring empty pin current: Ix(u3:vdd)
Ignoring empty pin current: Ix(u4:vdd)
Heightened Def Con from 240.098 +++++++++++++++++to 240.098
Heightened Def Con from 240.098 to 240.098
Heightened Def Con from 654.2 to 654.2
Total elapsed time: 509.027 seconds.

